*** Using Compiler 'V5.06 update 7 (build 960)', folder: 'D:\program\Keil5.36\ARM\ARMCC\Bin'
Build target 'TFT_LCD'
compiling lcd.c...
../Inc/lcd.h(3): error:  #5: cannot open source input file "sys.h": No such file or directory
  #include "sys.h"	 
..\Src\lcd.c: 0 warnings, 1 error
compiling fsmc.c...
compiling stm32f4xx_hal_dma_ex.c...
compiling gpio.c...
compiling stm32f4xx_hal_flash.c...
compiling stm32f4xx_hal_msp.c...
compiling stm32f4xx_ll_fsmc.c...
compiling stm32f4xx_hal_flash_ramfunc.c...
compiling stm32f4xx_hal_dma.c...
compiling stm32f4xx_it.c...
compiling main.c...
../Src/main.c(28): error:  #5: cannot open source input file "fsmc_lcd.h": No such file or directory
  #include "fsmc_lcd.h"
../Src/main.c: 0 warnings, 1 error
compiling stm32f4xx_hal_gpio.c...
compiling stm32f4xx_hal_flash_ex.c...
compiling tim.c...
compiling stm32f4xx_hal_rcc_ex.c...
compiling stm32f4xx_hal_rcc.c...
compiling stm32f4xx_hal_sram.c...
compiling stm32f4xx_hal_cortex.c...
compiling stm32f4xx_hal_pwr_ex.c...
compiling stm32f4xx_hal_exti.c...
compiling stm32f4xx_hal.c...
compiling system_stm32f4xx.c...
compiling stm32f4xx_hal_pwr.c...
compiling stm32f4xx_hal_tim_ex.c...
compiling stm32f4xx_hal_tim.c...
"TFT_LCD\TFT_LCD.axf" - 2 Error(s), 0 Warning(s).
Target not created.
Build Time Elapsed:  00:00:11
